\BOOKMARK [0][-]{chapter.4}{1 Introduction to behavioural and experimental economics}{}% 1
\BOOKMARK [0][-]{chapter.10}{2 Standard theoretic basics for analysis of strategic behaviour}{}% 2
\BOOKMARK [1][-]{section.11}{1 Homo oeconomicus}{chapter.10}% 3
\BOOKMARK [1][-]{section.14}{2 Games in strategic form}{chapter.10}% 4
\BOOKMARK [2][-]{subsection.19}{2.1 Dominant strategies}{section.14}% 5
\BOOKMARK [2][-]{subsection.23}{2.2 Nash-Equilibrium}{section.14}% 6
\BOOKMARK [2][-]{subsection.28}{2.3 Sub-game-Perfect Nash-Equilibrium}{section.14}% 7
\BOOKMARK [0][-]{chapter.43}{3 An ultimatum game with multidimensional response strategies}{}% 8
\BOOKMARK [1][-]{section.44}{1 Presented papers}{chapter.43}% 9
\BOOKMARK [0][-]{chapter.45}{4 Cooling Off in Negotiations: Does It Work?}{}% 10
\BOOKMARK [1][-]{section.46}{1 Presented papers}{chapter.45}% 11
\BOOKMARK [0][-]{chapter.47}{5 Level k as a prominent example of a nonstandard/behavioural approach}{}% 12
\BOOKMARK [1][-]{section.48}{1 Presented papers}{chapter.47}% 13
\BOOKMARK [0][-]{chapter.49}{6 Organizations and Markets: The role of market incentives}{}% 14
\BOOKMARK [1][-]{section.50}{1 Presented papers}{chapter.49}% 15
\BOOKMARK [0][-]{chapter.51}{7 Organizations and Markets: The role of moral dimensions of markets and organizations}{}% 16
\BOOKMARK [1][-]{section.52}{1 Presented papers}{chapter.51}% 17
\BOOKMARK [0][-]{chapter.53}{8 Ethics in science}{}% 18
\BOOKMARK [1][-]{section.54}{1 Pleasures of Skill and Moral Conduct}{chapter.53}% 19
\BOOKMARK [1][-]{section.55}{2 Moral and Markets}{chapter.53}% 20
\BOOKMARK [1][-]{section.56}{3 Presented papers}{chapter.53}% 21
\BOOKMARK [0][-]{chapter.57}{9 Non-standard utility}{}% 22
\BOOKMARK [1][-]{section.58}{1 Anticipatory utility}{chapter.57}% 23
\BOOKMARK [0][-]{section*.59}{Stichwortverzeichnis}{}% 24
