This is XeTeX, Version 3.14159265-2.6-0.99992 (TeX Live 2015) (preloaded format=xelatex 2015.10.5)  17 NOV 2015 21:37
entering extended mode
 restricted \write18 enabled.
 file:line:error style messages enabled.
 %&-line parsing enabled.
**Funktionalanalysis.tex
(./Funktionalanalysis.tex
LaTeX2e <2015/01/01>
Babel <3.9l> and hyphenation patterns for 79 languages loaded.
(/usr/local/texlive/2015/texmf-dist/tex/latex/koma-script/scrbook.cls
Document Class: scrbook 2015/05/06 v3.17a KOMA-Script document class (book)
(/usr/local/texlive/2015/texmf-dist/tex/latex/koma-script/scrkbase.sty
Package: scrkbase 2015/05/06 v3.17a KOMA-Script package (KOMA-Script-dependent basics and keyval usage)
 (/usr/local/texlive/2015/texmf-dist/tex/latex/koma-script/scrbase.sty
Package: scrbase 2015/05/06 v3.17a KOMA-Script package (KOMA-Script-independent basics and keyval usage)
 (/usr/local/texlive/2015/texmf-dist/tex/latex/graphics/keyval.sty
Package: keyval 2014/10/28 v1.15 key=value parser (DPC)
\KV@toks@=\toks14
) (/usr/local/texlive/2015/texmf-dist/tex/latex/koma-script/scrlfile.sty
Package: scrlfile 2015/05/06 v3.17a KOMA-Script package (loading files)

Package scrlfile, 2015/05/06 v3.17a KOMA-Script package (loading files)
                  Copyright (C) Markus Kohm

))) (/usr/local/texlive/2015/texmf-dist/tex/latex/koma-script/tocbasic.sty
Package: tocbasic 2015/05/06 v3.17a KOMA-Script package (handling toc-files)
)
Package tocbasic Info: omitting babel extension for `toc'
(tocbasic)             because of feature `nobabel' available
(tocbasic)             for `toc' on input line 124.
Package tocbasic Info: omitting babel extension for `lof'
(tocbasic)             because of feature `nobabel' available
(tocbasic)             for `lof' on input line 125.
Package tocbasic Info: omitting babel extension for `lot'
(tocbasic)             because of feature `nobabel' available
(tocbasic)             for `lot' on input line 126.
Package tocbasic Info: defining new hook before heading of `' on input line 1548.
Class scrbook Info: File `scrsize11pt.clo' used instead of
(scrbook)           file `scrsize11.clo' to setup font sizes on input line 2152.
 (/usr/local/texlive/2015/texmf-dist/tex/latex/koma-script/scrsize11pt.clo
File: scrsize11pt.clo 2015/05/06 v3.17a KOMA-Script font size class option (11pt)
) (/usr/local/texlive/2015/texmf-dist/tex/latex/koma-script/typearea.sty
Package: typearea 2015/05/06 v3.17a KOMA-Script package (type area)

Package typearea, 2015/05/06 v3.17a KOMA-Script package (type area)
                  Copyright (C) Frank Neukam, 1992-1994
                  Copyright (C) Markus Kohm, 1994-

\ta@bcor=\skip41
\ta@div=\count79
Package typearea Info: You've used standard option `a4paper'.
(typearea)             This is correct!
(typearea)             Internally I'm using `paper=a4'.
(typearea)             If you'd like to set the option with \KOMAoptions,
(typearea)             you'd have to use `paper=a4' there
(typearea)             instead of `a4paper', too.
\ta@hblk=\skip42
\ta@vblk=\skip43
\ta@temp=\skip44
\footheight=\skip45
Package typearea Info: These are the values describing the layout:
(typearea)             DIV  = 15
(typearea)             BCOR = 34.1433pt
(typearea)             \paperwidth      = 597.50793pt
(typearea)              \textwidth      = 450.69174pt
(typearea)              DIV departure   = -15%
(typearea)              \evensidemargin = 2.84528pt
(typearea)              \oddsidemargin  = -0.56906pt
(typearea)             \paperheight     = 845.04694pt
(typearea)              \textheight     = 677.4003pt
(typearea)              \topmargin      = -53.33354pt
(typearea)              \headheight     = 17.0pt
(typearea)              \headsep        = 20.40001pt
(typearea)              \topskip        = 11.0pt
(typearea)              \footskip       = 47.6pt
(typearea)              \baselineskip   = 13.6pt
(typearea)              on input line 1485.
)
\c@part=\count80
\c@chapter=\count81
\c@section=\count82
\c@subsection=\count83
\c@subsubsection=\count84
\c@paragraph=\count85
\c@subparagraph=\count86
LaTeX Info: Redefining \textsubscript on input line 4430.
\abovecaptionskip=\skip46
\belowcaptionskip=\skip47
\c@pti@nb@sid@b@x=\box26
\c@figure=\count87
\c@table=\count88
\bibindent=\dimen102
) (./Analysis.sty (./requirements/math-latexki.sty) (./requirements/math-general.sty (/usr/local/texlive/2015/texmf-dist/tex/latex/base/inputenc.sty
Package: inputenc 2015/03/17 v1.2c Input encoding file
\inpenc@prehook=\toks15
\inpenc@posthook=\toks16


Package inputenc Warning: inputenc package ignored with utf8 based engines.

) (/usr/local/texlive/2015/texmf-dist/tex/generic/babel/babel.sty
Package: babel 2014/09/25 3.9l The Babel package
 (/usr/local/texlive/2015/texmf-dist/tex/generic/babel-german/ngerman.ldf
Language: ngerman 2013/12/13 v2.7 German support for babel (new orthography)
 (/usr/local/texlive/2015/texmf-dist/tex/generic/babel-german/ngermanb.ldf
Language: ngermanb 2013/12/13 v2.7 German support for babel (new orthography)
 (/usr/local/texlive/2015/texmf-dist/tex/generic/babel/babel.def
File: babel.def 2014/09/25 3.9l Babel common definitions
\babel@savecnt=\count89
\U@D=\dimen103
 (/usr/local/texlive/2015/texmf-dist/tex/generic/babel/xebabel.def))
\l@naustrian = a dialect from \language\l@ngerman 
\l@nswissgerman = a dialect from \language\l@ngerman 
Package babel Info: Making " an active character on input line 88.
))) (/usr/local/texlive/2015/texmf-dist/tex/latex/base/fontenc.sty
Package: fontenc 2005/09/27 v1.99g Standard LaTeX package
 (/usr/local/texlive/2015/texmf-dist/tex/latex/base/t1enc.def
File: t1enc.def 2005/09/27 v1.99g Standard LaTeX file
LaTeX Font Info:    Redeclaring font encoding T1 on input line 48.
)) (/usr/local/texlive/2015/texmf-dist/tex/latex/acronym/acronym.sty
Package: acronym 2015/03/21 v1.41 Support for acronyms (Tobias Oetiker)
 (/usr/local/texlive/2015/texmf-dist/tex/latex/bigfoot/suffix.sty
Package: suffix 2006/07/15 1.5a Variant command support
) (/usr/local/texlive/2015/texmf-dist/tex/generic/xstring/xstring.sty (/usr/local/texlive/2015/texmf-dist/tex/generic/xstring/xstring.tex
\@xs@message=\write3
\integerpart=\count90
\decimalpart=\count91
)
Package: xstring 2013/10/13  v1.7c  String manipulations (C Tellechea)
)
\AC@clearlist=\toks17
) (/usr/local/texlive/2015/texmf-dist/tex/latex/amsfonts/amsfonts.sty
Package: amsfonts 2013/01/14 v3.01 Basic AMSFonts support
\@emptytoks=\toks18
\symAMSa=\mathgroup4
\symAMSb=\mathgroup5
LaTeX Font Info:    Overwriting math alphabet `\mathfrak' in version `bold'
(Font)                  U/euf/m/n --> U/euf/b/n on input line 106.
) (/usr/local/texlive/2015/texmf-dist/tex/latex/amsmath/amsmath.sty
Package: amsmath 2013/01/14 v2.14 AMS math features
\@mathmargin=\skip48

For additional information on amsmath, use the `?' option.
(/usr/local/texlive/2015/texmf-dist/tex/latex/amsmath/amstext.sty
Package: amstext 2000/06/29 v2.01
 (/usr/local/texlive/2015/texmf-dist/tex/latex/amsmath/amsgen.sty
File: amsgen.sty 1999/11/30 v2.0
\@emptytoks=\toks19
\ex@=\dimen104
)) (/usr/local/texlive/2015/texmf-dist/tex/latex/amsmath/amsbsy.sty
Package: amsbsy 1999/11/29 v1.2d
\pmbraise@=\dimen105
) (/usr/local/texlive/2015/texmf-dist/tex/latex/amsmath/amsopn.sty
Package: amsopn 1999/12/14 v2.01 operator names
)
\inf@bad=\count92
LaTeX Info: Redefining \frac on input line 210.
\uproot@=\count93
\leftroot@=\count94
LaTeX Info: Redefining \overline on input line 306.
\classnum@=\count95
\DOTSCASE@=\count96
LaTeX Info: Redefining \ldots on input line 378.
LaTeX Info: Redefining \dots on input line 381.
LaTeX Info: Redefining \cdots on input line 466.
\Mathstrutbox@=\box27
\strutbox@=\box28
\big@size=\dimen106
LaTeX Font Info:    Redeclaring font encoding OML on input line 566.
LaTeX Font Info:    Redeclaring font encoding OMS on input line 567.
\macc@depth=\count97
\c@MaxMatrixCols=\count98
\dotsspace@=\muskip10
\c@parentequation=\count99
\dspbrk@lvl=\count100
\tag@help=\toks20
\row@=\count101
\column@=\count102
\maxfields@=\count103
\andhelp@=\toks21
\eqnshift@=\dimen107
\alignsep@=\dimen108
\tagshift@=\dimen109
\tagwidth@=\dimen110
\totwidth@=\dimen111
\lineht@=\dimen112
\@envbody=\toks22
\multlinegap=\skip49
\multlinetaggap=\skip50
\mathdisplay@stack=\toks23
LaTeX Info: Redefining \[ on input line 2665.
LaTeX Info: Redefining \] on input line 2666.
) (/usr/local/texlive/2015/texmf-dist/tex/latex/amsfonts/amssymb.sty
Package: amssymb 2013/01/14 v3.01 AMS font symbols
) (/usr/local/texlive/2015/texmf-dist/tex/latex/doublestroke/dsfont.sty
Package: dsfont 1995/08/01 v0.1 Double stroke roman fonts
) (/usr/local/texlive/2015/texmf-dist/tex/latex/enumitem/enumitem.sty
Package: enumitem 2011/09/28 v3.5.2 Customized lists
\labelindent=\skip51
\enit@outerparindent=\dimen113
\enit@toks=\toks24
\enit@inbox=\box29
\enitdp@description=\count104
) (/usr/local/texlive/2015/texmf-dist/tex/latex/etex-pkg/etex.sty
Package: etex 2015/03/02 v2.1 eTeX basic definition package (PEB,DPC)
\et@xins=\count105
) (/usr/local/texlive/2015/texmf-dist/tex/latex/float/float.sty
Package: float 2001/11/08 v1.3d Float enhancements (AL)
\c@float@type=\count106
\float@exts=\toks25
\float@box=\box30
\@float@everytoks=\toks26
\@floatcapt=\box31
) (/usr/local/texlive/2015/texmf-dist/tex/latex/framed/framed.sty
Package: framed 2011/10/22 v 0.96: framed or shaded text with page breaks
\OuterFrameSep=\skip52
\fb@frw=\dimen114
\fb@frh=\dimen115
\FrameRule=\dimen116
\FrameSep=\dimen117
) (/usr/local/texlive/2015/texmf-dist/tex/latex/graphics/graphicx.sty
Package: graphicx 2014/10/28 v1.0g Enhanced LaTeX Graphics (DPC,SPQR)
 (/usr/local/texlive/2015/texmf-dist/tex/latex/graphics/graphics.sty
Package: graphics 2014/10/28 v1.0p Standard LaTeX Graphics (DPC,SPQR)
 (/usr/local/texlive/2015/texmf-dist/tex/latex/graphics/trig.sty
Package: trig 1999/03/16 v1.09 sin cos tan (DPC)
) (/usr/local/texlive/2015/texmf-dist/tex/latex/latexconfig/graphics.cfg
File: graphics.cfg 2010/04/23 v1.9 graphics configuration of TeX Live
)
Package graphics Info: Driver file: xetex.def on input line 94.
 (/usr/local/texlive/2015/texmf-dist/tex/xelatex/xetex-def/xetex.def
File: xetex.def 2015/03/25 v4.04 LaTeX color/graphics driver for XeTeX (TeX Live/RRM/JK)
))
\Gin@req@height=\dimen118
\Gin@req@width=\dimen119
) (/usr/local/texlive/2015/texmf-dist/tex/latex/oberdiek/grffile.sty
Package: grffile 2012/04/05 v1.16 Extended file name support for graphics (HO)
 (/usr/local/texlive/2015/texmf-dist/tex/generic/oberdiek/ifpdf.sty
Package: ifpdf 2011/01/30 v2.3 Provides the ifpdf switch (HO)
Package ifpdf Info: pdfTeX in PDF mode is not detected.
) (/usr/local/texlive/2015/texmf-dist/tex/generic/ifxetex/ifxetex.sty
Package: ifxetex 2010/09/12 v0.6 Provides ifxetex conditional
) (/usr/local/texlive/2015/texmf-dist/tex/latex/oberdiek/kvoptions.sty
Package: kvoptions 2011/06/30 v3.11 Key value format for package options (HO)
 (/usr/local/texlive/2015/texmf-dist/tex/generic/oberdiek/ltxcmds.sty
Package: ltxcmds 2011/11/09 v1.22 LaTeX kernel commands for general use (HO)
) (/usr/local/texlive/2015/texmf-dist/tex/generic/oberdiek/kvsetkeys.sty
Package: kvsetkeys 2012/04/25 v1.16 Key value parser (HO)
 (/usr/local/texlive/2015/texmf-dist/tex/generic/oberdiek/infwarerr.sty
Package: infwarerr 2010/04/08 v1.3 Providing info/warning/error messages (HO)
) (/usr/local/texlive/2015/texmf-dist/tex/generic/oberdiek/etexcmds.sty
Package: etexcmds 2011/02/16 v1.5 Avoid name clashes with e-TeX commands (HO)
 (/usr/local/texlive/2015/texmf-dist/tex/generic/oberdiek/ifluatex.sty
Package: ifluatex 2010/03/01 v1.3 Provides the ifluatex switch (HO)
Package ifluatex Info: LuaTeX not detected.
)
Package etexcmds Info: Could not find \expanded.
(etexcmds)             That can mean that you are not using pdfTeX 1.50 or
(etexcmds)             that some package has redefined \expanded.
(etexcmds)             In the latter case, load this package earlier.
))) (/usr/local/texlive/2015/texmf-dist/tex/generic/oberdiek/pdftexcmds.sty
Package: pdftexcmds 2011/11/29 v0.20 Utility functions of pdfTeX for LuaTeX (HO)
Package pdftexcmds Info: LuaTeX not detected.
Package pdftexcmds Info: pdfTeX >= 1.30 not detected.
Package pdftexcmds Info: \pdf@primitive is available.
Package pdftexcmds Info: \pdf@ifprimitive is available.
Package pdftexcmds Info: \pdfdraftmode not found.
)
Package grffile Info: \Gread@QTm patched on input line 253.
Package grffile Info: \Gread@eps patched on input line 303.
Package grffile Info: Option `multidot' is set to `true'.
Package grffile Info: Option `extendedchars' is set to `false'.
Package grffile Info: Option `space' is set to `true'.
Package grffile Info: \Gin@ii of package `graphicx' fixed on input line 486.
) (/usr/local/texlive/2015/texmf-dist/tex/latex/hyperref/hyperref.sty
Package: hyperref 2012/11/06 v6.83m Hypertext links for LaTeX
 (/usr/local/texlive/2015/texmf-dist/tex/generic/oberdiek/hobsub-hyperref.sty
Package: hobsub-hyperref 2012/05/28 v1.13 Bundle oberdiek, subset hyperref (HO)
 (/usr/local/texlive/2015/texmf-dist/tex/generic/oberdiek/hobsub-generic.sty
Package: hobsub-generic 2012/05/28 v1.13 Bundle oberdiek, subset generic (HO)
Package: hobsub 2012/05/28 v1.13 Construct package bundles (HO)
Package hobsub Info: Skipping package `infwarerr' (already loaded).
Package hobsub Info: Skipping package `ltxcmds' (already loaded).
Package hobsub Info: Skipping package `ifluatex' (already loaded).
Package: ifvtex 2010/03/01 v1.5 Detect VTeX and its facilities (HO)
Package ifvtex Info: VTeX not detected.
Package: intcalc 2007/09/27 v1.1 Expandable calculations with integers (HO)
Package hobsub Info: Skipping package `ifpdf' (already loaded).
Package hobsub Info: Skipping package `etexcmds' (already loaded).
Package hobsub Info: Skipping package `kvsetkeys' (already loaded).
Package: kvdefinekeys 2011/04/07 v1.3 Define keys (HO)
Package hobsub Info: Skipping package `pdftexcmds' (already loaded).
Package: pdfescape 2011/11/25 v1.13 Implements pdfTeX's escape features (HO)
Package: bigintcalc 2012/04/08 v1.3 Expandable calculations on big integers (HO)
Package: bitset 2011/01/30 v1.1 Handle bit-vector datatype (HO)
Package: uniquecounter 2011/01/30 v1.2 Provide unlimited unique counter (HO)
)
Package hobsub Info: Skipping package `hobsub' (already loaded).
Package: letltxmacro 2010/09/02 v1.4 Let assignment for LaTeX macros (HO)
Package: hopatch 2012/05/28 v1.2 Wrapper for package hooks (HO)
Package: xcolor-patch 2011/01/30 xcolor patch
Package: atveryend 2011/06/30 v1.8 Hooks at the very end of document (HO)
Package atveryend Info: \enddocument detected (standard20110627).
Package: atbegshi 2011/10/05 v1.16 At begin shipout hook (HO)
Package: refcount 2011/10/16 v3.4 Data extraction from label references (HO)
Package: hycolor 2011/01/30 v1.7 Color options for hyperref/bookmark (HO)
) (/usr/local/texlive/2015/texmf-dist/tex/latex/oberdiek/auxhook.sty
Package: auxhook 2011/03/04 v1.3 Hooks for auxiliary files (HO)
)
\@linkdim=\dimen120
\Hy@linkcounter=\count107
\Hy@pagecounter=\count108

(/usr/local/texlive/2015/texmf-dist/tex/latex/hyperref/pd1enc.def
File: pd1enc.def 2012/11/06 v6.83m Hyperref: PDFDocEncoding definition (HO)
)
\Hy@SavedSpaceFactor=\count109
 (/usr/local/texlive/2015/texmf-dist/tex/latex/latexconfig/hyperref.cfg
File: hyperref.cfg 2002/06/06 v1.2 hyperref configuration of TeXLive
)
Package hyperref Info: Option `bookmarks' set `true' on input line 4319.
Package hyperref Info: Option `bookmarksnumbered' set `true' on input line 4319.
Package hyperref Info: Option `hypertexnames' set `false' on input line 4319.
Package hyperref Info: Option `colorlinks' set `true' on input line 4319.
Package hyperref Info: Hyper figures OFF on input line 4443.
Package hyperref Info: Link nesting OFF on input line 4448.
Package hyperref Info: Hyper index ON on input line 4451.
Package hyperref Info: Plain pages OFF on input line 4458.
Package hyperref Info: Backreferencing OFF on input line 4463.
Package hyperref Info: Implicit mode ON; LaTeX internals redefined.
Package hyperref Info: Bookmarks ON on input line 4688.
\c@Hy@tempcnt=\count110
 (/usr/local/texlive/2015/texmf-dist/tex/latex/url/url.sty
\Urlmuskip=\muskip11
Package: url 2013/09/16  ver 3.4  Verb mode for urls, etc.
)
LaTeX Info: Redefining \url on input line 5041.
\XeTeXLinkMargin=\dimen121
\Fld@menulength=\count111
\Field@Width=\dimen122
\Fld@charsize=\dimen123
Package hyperref Info: Hyper figures OFF on input line 6295.
Package hyperref Info: Link nesting OFF on input line 6300.
Package hyperref Info: Hyper index ON on input line 6303.
Package hyperref Info: backreferencing OFF on input line 6310.
Package hyperref Info: Link coloring ON on input line 6313.
Package hyperref Info: Link coloring with OCG OFF on input line 6320.
Package hyperref Info: PDF/A mode OFF on input line 6325.
LaTeX Info: Redefining \ref on input line 6365.
LaTeX Info: Redefining \pageref on input line 6369.
\Hy@abspage=\count112
\c@Item=\count113
\c@Hfootnote=\count114
)

Package hyperref Message: Driver (autodetected): hxetex.

(/usr/local/texlive/2015/texmf-dist/tex/latex/hyperref/hxetex.def
File: hxetex.def 2012/11/06 v6.83m Hyperref driver for XeTeX
 (/usr/local/texlive/2015/texmf-dist/tex/latex/hyperref/puenc.def
File: puenc.def 2012/11/06 v6.83m Hyperref: PDF Unicode definition (HO)
) (/usr/local/texlive/2015/texmf-dist/tex/generic/oberdiek/stringenc.sty
Package: stringenc 2011/12/02 v1.10 Convert strings between diff. encodings (HO)
)
\pdfm@box=\box32
\c@Hy@AnnotLevel=\count115
\HyField@AnnotCount=\count116
\Fld@listcount=\count117
\c@bookmark@seq@number=\count118
 (/usr/local/texlive/2015/texmf-dist/tex/latex/oberdiek/rerunfilecheck.sty
Package: rerunfilecheck 2011/04/15 v1.7 Rerun checks for auxiliary files (HO)
Package rerunfilecheck Info: Feature \pdfmdfivesum is not available
(rerunfilecheck)             (e.g. pdfTeX or LuaTeX with package `pdftexcmds').
(rerunfilecheck)             Therefore file contents cannot be checked efficiently
(rerunfilecheck)             and the loading of the package is aborted.
)
\Hy@SectionHShift=\skip53
) (/usr/local/texlive/2015/texmf-dist/tex/latex/base/ifthen.sty
Package: ifthen 2014/09/29 v1.1c Standard LaTeX ifthen package (DPC)
) (/usr/local/texlive/2015/texmf-dist/tex/latex/base/makeidx.sty
Package: makeidx 2014/09/29 v1.0m Standard LaTeX package
) (/usr/local/texlive/2015/texmf-dist/tex/latex/jknapltx/mathrsfs.sty
Package: mathrsfs 1996/01/01 Math RSFS package v1.0 (jk)
\symrsfs=\mathgroup6
) (/usr/local/texlive/2015/texmf-dist/tex/latex/mathtools/mathtools.sty
Package: mathtools 2015/05/11 v1.16 mathematical typesetting tools
 (/usr/local/texlive/2015/texmf-dist/tex/latex/tools/calc.sty
Package: calc 2014/10/28 v4.3 Infix arithmetic (KKT,FJ)
\calc@Acount=\count119
\calc@Bcount=\count120
\calc@Adimen=\dimen124
\calc@Bdimen=\dimen125
\calc@Askip=\skip54
\calc@Bskip=\skip55
LaTeX Info: Redefining \setlength on input line 80.
LaTeX Info: Redefining \addtolength on input line 81.
\calc@Ccount=\count121
\calc@Cskip=\skip56
) (/usr/local/texlive/2015/texmf-dist/tex/latex/mathtools/mhsetup.sty
Package: mhsetup 2010/01/21 v1.2a programming setup (MH)
)
LaTeX Info: Thecontrolsequence`\('isalreadyrobust on input line 129.
LaTeX Info: Thecontrolsequence`\)'isalreadyrobust on input line 129.
LaTeX Info: Thecontrolsequence`\['isalreadyrobust on input line 129.
LaTeX Info: Thecontrolsequence`\]'isalreadyrobust on input line 129.
\g_MT_multlinerow_int=\count122
\l_MT_multwidth_dim=\dimen126
\origjot=\skip57
\l_MT_shortvdotswithinadjustabove_dim=\dimen127
\l_MT_shortvdotswithinadjustbelow_dim=\dimen128
\l_MT_above_intertext_sep=\dimen129
\l_MT_below_intertext_sep=\dimen130
\l_MT_above_shortintertext_sep=\dimen131
\l_MT_below_shortintertext_sep=\dimen132
) (/usr/local/texlive/2015/texmf-dist/tex/latex/ntheorem/ntheorem.sty
Style `ntheorem', Version 1.33 <2011/08/15>
Package: ntheorem 2011/08/15 1.33
\theorem@style=\toks27
\theorem@@style=\toks28
\theorembodyfont=\toks29
\theoremnumbering=\toks30
\theorempreskipamount=\skip58
\theorempostskipamount=\skip59
\theoremframepreskipamount=\skip60
\theoremframepostskipamount=\skip61
\theoreminframepreskipamount=\skip62
\theoreminframepostskipamount=\skip63
\theorem@preskip=\toks31
\theorem@postskip=\toks32
\theorem@framepreskip=\toks33
\theorem@framepostskip=\toks34
\theorem@inframepreskip=\toks35
\theorem@inframepostskip=\toks36
\theoremindent=\dimen133
\theorem@indent=\dimen134
\theoremrightindent=\dimen135
\theorem@rightindent=\dimen136
\theoremheaderfont=\toks37
\theoremseparator=\toks38
\theoremprework=\toks39
\theorempostwork=\toks40
\theoremsymbol=\toks41
\qedsymbol=\toks42
\theoremkeyword=\toks43
\qedsymbol=\toks44
\thm@topsep=\skip64
\thm@topsepadd=\skip65
Package ntheorem Info: Option `thmmarks' loaded on input line 1175.
\c@endNonectr=\count123
\c@currNonectr=\count124
\mysavskip=\skip66
Package ntheorem Info: option `amsmath' handling for `thmmarks' loaded on input line 1175.
\thm@amstmpdepth=\dimen137
\tagwidth=\dimen138
\shadecolor=\toks45
) (/usr/local/texlive/2015/texmf-dist/tex/latex/pstricks/pstricks.sty
Package: pstricks 2013/12/12 v0.60 LaTeX wrapper for `PSTricks' (RN,HV)
 (/usr/local/texlive/2015/texmf-dist/tex/generic/pstricks/pstricks.tex (/usr/local/texlive/2015/texmf-dist/tex/generic/xkeyval/pst-xkey.tex
File: pst-xkey.tex 2005/11/25 v1.6 PSTricks specialization of xkeyval (HA)
 (/usr/local/texlive/2015/texmf-dist/tex/latex/xkeyval/xkeyval.sty
Package: xkeyval 2014/12/03 v2.7a package option processing (HA)
 (/usr/local/texlive/2015/texmf-dist/tex/generic/xkeyval/xkeyval.tex (/usr/local/texlive/2015/texmf-dist/tex/generic/xkeyval/xkvutils.tex
\XKV@toks=\toks46
\XKV@tempa@toks=\toks47
)
\XKV@depth=\count125
File: xkeyval.tex 2014/12/03 v2.7a key=value parser (HA)
))) (/usr/local/texlive/2015/texmf-dist/tex/generic/pstricks/pst-fp.tex `pst-fp' v0.05, 2010/01/17 (hv)
\pstFP@xs=\count126
\pstFP@xia=\count127
\pstFP@xib=\count128
\pstFP@xfa=\count129
\pstFP@xfb=\count130
\pstFP@rega=\count131
\pstFP@regb=\count132
\pstFP@regs=\count133
\pstFP@times=\count134
) (/usr/local/texlive/2015/texmf-dist/tex/generic/pgf/utilities/pgfutil-common.tex
\pgfutil@everybye=\toks48
\pgfutil@tempdima=\dimen139
\pgfutil@tempdimb=\dimen140
 (/usr/local/texlive/2015/texmf-dist/tex/generic/pgf/utilities/pgfutil-common-lists.tex)) (/usr/local/texlive/2015/texmf-dist/tex/generic/pgf/utilities/pgfkeys.code.tex
\pgfkeys@pathtoks=\toks49
\pgfkeys@temptoks=\toks50
 (/usr/local/texlive/2015/texmf-dist/tex/generic/pgf/utilities/pgfkeysfiltered.code.tex
\pgfkeys@tmptoks=\toks51
)) (/usr/local/texlive/2015/texmf-dist/tex/generic/pgf/utilities/pgffor.code.tex (/usr/local/texlive/2015/texmf-dist/tex/generic/pgf/math/pgfmath.code.tex (/usr/local/texlive/2015/texmf-dist/tex/generic/pgf/math/pgfmathcalc.code.tex (/usr/local/texlive/2015/texmf-dist/tex/generic/pgf/math/pgfmathutil.code.tex
\pgf@x=\dimen141
\pgf@xa=\dimen142
\pgf@xb=\dimen143
\pgf@xc=\dimen144
\pgf@y=\dimen145
\pgf@ya=\dimen146
\pgf@yb=\dimen147
\pgf@yc=\dimen148
\c@pgf@counta=\count135
\c@pgf@countb=\count136
\c@pgf@countc=\count137
\c@pgf@countd=\count138
\pgfutil@tempcnta=\count139
\pgfutil@tempcntb=\count140
) (/usr/local/texlive/2015/texmf-dist/tex/generic/pgf/math/pgfmathparser.code.tex
\pgfmath@dimen=\dimen149
\pgfmath@count=\count141
\pgfmath@box=\box33
\pgfmath@toks=\toks52
\pgfmath@stack@operand=\toks53
\pgfmath@stack@operation=\toks54
) (/usr/local/texlive/2015/texmf-dist/tex/generic/pgf/math/pgfmathfunctions.code.tex (/usr/local/texlive/2015/texmf-dist/tex/generic/pgf/math/pgfmathfunctions.basic.code.tex) (/usr/local/texlive/2015/texmf-dist/tex/generic/pgf/math/pgfmathfunctions.trigonometric.code.tex) (/usr/local/texlive/2015/texmf-dist/tex/generic/pgf/math/pgfmathfunctions.random.code.tex) (/usr/local/texlive/2015/texmf-dist/tex/generic/pgf/math/pgfmathfunctions.comparison.code.tex) (/usr/local/texlive/2015/texmf-dist/tex/generic/pgf/math/pgfmathfunctions.base.code.tex) (/usr/local/texlive/2015/texmf-dist/tex/generic/pgf/math/pgfmathfunctions.round.code.tex) (/usr/local/texlive/2015/texmf-dist/tex/generic/pgf/math/pgfmathfunctions.misc.code.tex)
(/usr/local/texlive/2015/texmf-dist/tex/generic/pgf/math/pgfmathfunctions.integerarithmetics.code.tex))) (/usr/local/texlive/2015/texmf-dist/tex/generic/pgf/math/pgfmathfloat.code.tex
\c@pgfmathroundto@lastzeros=\count142
))
\pgffor@iter=\dimen150
\pgffor@skip=\dimen151
\pgffor@stack=\toks55
\pgffor@toks=\toks56
)
\psLoopIndex=\count143

`PSTricks' v2.60  <2014/10/25> (tvz)
\pst@dima=\dimen152
\pst@dimb=\dimen153
\pst@dimc=\dimen154
\pst@dimd=\dimen155
\pst@dimg=\dimen156
\pst@dimh=\dimen157
\pst@dimm=\dimen158
\pst@dimn=\dimen159
\pst@dimo=\dimen160
\pst@dimp=\dimen161
\pst@hbox=\box34
\pst@ibox=\box35
\pst@boxg=\box36
\pst@cnta=\count144
\pst@cntb=\count145
\pst@cntc=\count146
\pst@cntd=\count147
\pst@cntg=\count148
\pst@cnth=\count149
\pst@cntm=\count150
\pst@cntn=\count151
\pst@cnto=\count152
\pst@cntp=\count153
\@zero=\count154
\pst@toks=\toks57
(/usr/local/texlive/2015/texmf-dist/tex/xelatex/xetex-pstricks/pstricks.con (/usr/local/texlive/2015/texmf-dist/tex/generic/pstricks/config/xdvipdfmx.cfg))
\psunit=\dimen162
\psxunit=\dimen163
\psyunit=\dimen164
\pst@C@@rType=\count155
\pslinewidth=\dimen165
\psk@startLW=\dimen166
\psk@endLW=\dimen167
\pst@customdefs=\toks58
\pslinearc=\dimen168
\pst@symbolStep=\dimen169
\pst@symbolWidth=\dimen170
\pst@symbolLinewidth=\dimen171
\everypsbox=\toks59
\psframesep=\dimen172
\pslabelsep=\dimen173
\sh@wgridXunit=\dimen174
\sh@wgridYunit=\dimen175
\pst@shift=\dimen176
 (/usr/local/texlive/2015/texmf-dist/tex/xelatex/xetex-pstricks/pstricks.con (/usr/local/texlive/2015/texmf-dist/tex/generic/pstricks/config/xdvipdfmx.cfg
Using PSTricks configuration for XeTeX+xdvipdfmx
)))
File: pstricks.tex 2014/10/25 v2.60 `PSTricks' (tvz,hv)
 (/usr/local/texlive/2015/texmf-dist/tex/generic/pstricks/pst-fp.tex)
File: pst-fp.tex 2014/10/25 v2.60 `PST-fp' (hv)
 (/usr/local/texlive/2015/texmf-dist/tex/latex/xcolor/xcolor.sty
Package: xcolor 2007/01/21 v2.11 LaTeX color extensions (UK)
 (/usr/local/texlive/2015/texmf-dist/tex/latex/latexconfig/color.cfg
File: color.cfg 2007/01/18 v1.5 color configuration of teTeX/TeXLive
)
Package xcolor Info: Driver file: xetex.def on input line 225.
Package xcolor Info: Model `cmy' substituted by `cmy0' on input line 1337.
Package xcolor Info: Model `RGB' extended on input line 1353.
Package xcolor Info: Model `HTML' substituted by `rgb' on input line 1355.
Package xcolor Info: Model `Hsb' substituted by `hsb' on input line 1356.
Package xcolor Info: Model `tHsb' substituted by `hsb' on input line 1357.
Package xcolor Info: Model `HSB' substituted by `hsb' on input line 1358.
Package xcolor Info: Model `Gray' substituted by `gray' on input line 1359.
Package xcolor Info: Model `wave' substituted by `hsb' on input line 1360.
)) (/usr/local/texlive/2015/texmf-dist/tex/latex/carlisle/slashed.sty
Package: slashed 1997/01/16 v0.01 Feynman Slashed Character Notation (DPC)
) (/usr/local/texlive/2015/texmf-dist/tex/latex/stmaryrd/stmaryrd.sty
Package: stmaryrd 1994/03/03 St Mary's Road symbol package
\symstmry=\mathgroup7
LaTeX Font Info:    Overwriting symbol font `stmry' in version `bold'
(Font)                  U/stmry/m/n --> U/stmry/b/n on input line 89.
) (/usr/local/texlive/2015/texmf-dist/tex/generic/ulem/ulem.sty
\UL@box=\box37
\UL@hyphenbox=\box38
\UL@skip=\skip67
\UL@hook=\toks60
\UL@height=\dimen177
\UL@pe=\count156
\UL@pixel=\dimen178
\ULC@box=\box39
Package: ulem 2012/05/18
\ULdepth=\dimen179
) (/usr/local/texlive/2015/texmf-dist/tex/latex/tools/verbatim.sty
Package: verbatim 2014/10/28 v1.5q LaTeX2e package for verbatim enhancements
\every@verbatim=\toks61
\verbatim@line=\toks62
\verbatim@in@stream=\read1
) (/usr/local/texlive/2015/texmf-dist/tex/latex/wasysym/wasysym.sty
Package: wasysym 2003/10/30 v2.0 Wasy-2 symbol support package
\symwasy=\mathgroup8
LaTeX Font Info:    Overwriting symbol font `wasy' in version `bold'
(Font)                  U/wasy/m/n --> U/wasy/b/n on input line 90.
LaTeX Font Info:    Redeclaring math symbol \ocircle on input line 240.
) (/usr/local/texlive/2015/texmf-dist/tex/generic/xypic/xy.sty (/usr/local/texlive/2015/texmf-dist/tex/generic/xypic/xy.tex Bootstrap'ing: catcodes, docmode, (/usr/local/texlive/2015/texmf-dist/tex/generic/xypic/xyrecat.tex) (/usr/local/texlive/2015/texmf-dist/tex/generic/xypic/xyidioms.tex)

 Xy-pic version 3.8.9 <2013/10/06>
 Copyright (c) 1991-2013 by Kristoffer H. Rose <krisrose@tug.org> and others
 Xy-pic is free software: see the User's Guide for details.

Loading kernel: messages; fonts; allocations: state,
\X@c=\dimen180
\Y@c=\dimen181
\U@c=\dimen182
\D@c=\dimen183
\L@c=\dimen184
\R@c=\dimen185
\Edge@c=\toks63
\X@p=\dimen186
\Y@p=\dimen187
\U@p=\dimen188
\D@p=\dimen189
\L@p=\dimen190
\R@p=\dimen191
\Edge@p=\toks64
\X@origin=\dimen192
\Y@origin=\dimen193
\X@xbase=\dimen194
\Y@xbase=\dimen195
\X@ybase=\dimen196
\Y@ybase=\dimen197
\X@min=\dimen198
\Y@min=\dimen199
\X@max=\dimen200
\Y@max=\dimen201
\lastobjectbox@=\box40
\zerodotbox@=\box41
\almostz@=\dimen202
 direction,
\d@X=\dimen203
\d@Y=\dimen204
\K@=\count157
\KK@=\count158
\Direction=\count159
\K@dXdY=\dimen205
\K@dYdX=\dimen206
\xyread@=\read2
\xywrite@=\write4
\csp@=\count160
\quotPTK@=\dimen207
 utility macros; pictures: \xy, positions,
\swaptoks@@=\toks65
\connectobjectbox@@=\box42
 objects,
\styletoks@=\toks66
 decorations; kernel objects: directionals, circles, text; options; algorithms: directions, edges, connections;  Xy-pic loaded)
Package: xy 2013/10/06 Xy-pic version 3.8.9
 (/usr/local/texlive/2015/texmf-dist/tex/generic/xypic/xyarrow.tex  Xy-pic option: Arrow and Path feature v.3.9 path, \ar, loaded) (/usr/local/texlive/2015/texmf-dist/tex/generic/xypic/xymatrix.tex  Xy-pic option: Matrix feature v.3.14
\Row=\count161
\Col=\count162
\queue@=\toks67
\queue@@=\toks68
\qcount@=\count163
\qcount@@=\count164
\matrixsize@=\count165
 loaded) (/usr/local/texlive/2015/texmf-dist/tex/generic/xypic/xycurve.tex  Xy-pic option: Curve and Spline extension v.3.12 curve,
\crv@cnt@=\count166
\crvpts@=\toks69
\splinebox@=\box43
\splineval@=\dimen208
\splinedepth@=\dimen209
\splinetol@=\dimen210
\splinelength@=\dimen211
 circles,
\L@=\dimen212
 loaded)))) (./requirements/math-environment.sty
\c@currsatzctr=\count167
\c@endsatzctr=\count168
\c@satz=\count169
\c@currlemmactr=\count170
\c@endlemmactr=\count171
\c@curranwendungctr=\count172
\c@endanwendungctr=\count173
\c@currpropctr=\count174
\c@endpropctr=\count175
\c@curraxiomctr=\count176
\c@endaxiomctr=\count177
\c@currplaindefinitionctr=\count178
\c@endplaindefinitionctr=\count179
\c@currhilfssatzctr=\count180
\c@endhilfssatzctr=\count181
\c@currkorctr=\count182
\c@endkorctr=\count183
\c@currbemerkungctr=\count184
\c@endbemerkungctr=\count185
\c@currbeispielctr=\count186
\c@endbeispielctr=\count187
\c@currbeweisctr=\count188
\c@endbeweisctr=\count189
\c@beweis=\count190
\c@currsatz*ctr=\count191
\c@endsatz*ctr=\count192
\c@satz*=\count193
\c@currbeispiel*ctr=\count194
\c@endbeispiel*ctr=\count195
\c@beispiel*=\count196
\c@currbemerkung*ctr=\count197
\c@endbemerkung*ctr=\count198
\c@bemerkung*=\count199
\c@currvereinbarungctr=\count200
\c@endvereinbarungctr=\count201
\c@vereinbarung=\count202
\c@currmotivationctr=\count203
\c@endmotivationctr=\count204
\c@motivation=\count205
Normal \count register pool exhausted, switching to extended pool.
\c@currschreibweisenctr=\count277
\c@endschreibweisenctr=\count278
\c@schreibweisen=\count279
\c@currerinnerungctr=\count280
\c@enderinnerungctr=\count281
\c@erinnerung=\count282
\c@currvorbetrachtungenctr=\count283
\c@endvorbetrachtungenctr=\count284
\c@vorbetrachtungen=\count285
\c@currfolgerungctr=\count286
\c@endfolgerungctr=\count287
\c@currfolgerungenctr=\count288
\c@endfolgerungenctr=\count289
)
\@indexfile=\write5
\openout5 = `Funktionalanalysis.idx'.


Writing index file Funktionalanalysis.idx
(/Users/martin/Documents/Skripte/FuncAna2016/source/.texpadtmp/Funktionalanalysis.aux)
\openout1 = `Funktionalanalysis.aux'.

LaTeX Font Info:    Checking defaults for OML/cmm/m/it on input line 20.
LaTeX Font Info:    ... okay on input line 20.
LaTeX Font Info:    Checking defaults for T1/cmr/m/n on input line 20.
LaTeX Font Info:    ... okay on input line 20.
LaTeX Font Info:    Checking defaults for OT1/cmr/m/n on input line 20.
LaTeX Font Info:    ... okay on input line 20.
LaTeX Font Info:    Checking defaults for OMS/cmsy/m/n on input line 20.
LaTeX Font Info:    ... okay on input line 20.
LaTeX Font Info:    Checking defaults for OMX/cmex/m/n on input line 20.
LaTeX Font Info:    ... okay on input line 20.
LaTeX Font Info:    Checking defaults for U/cmr/m/n on input line 20.
LaTeX Font Info:    ... okay on input line 20.
LaTeX Font Info:    Checking defaults for PD1/pdf/m/n on input line 20.
LaTeX Font Info:    ... okay on input line 20.
LaTeX Font Info:    Checking defaults for PU/pdf/m/n on input line 20.
LaTeX Font Info:    ... okay on input line 20.
\AtBeginShipoutBox=\box44
Package hyperref Info: Link coloring ON on input line 20.
 (/usr/local/texlive/2015/texmf-dist/tex/latex/hyperref/nameref.sty
Package: nameref 2012/10/27 v2.43 Cross-referencing by name of section
 (/usr/local/texlive/2015/texmf-dist/tex/generic/oberdiek/gettitlestring.sty
Package: gettitlestring 2010/12/03 v1.4 Cleanup title references (HO)
)
\c@section@level=\count290
)
LaTeX Info: Redefining \ref on input line 20.
LaTeX Info: Redefining \pageref on input line 20.
LaTeX Info: Redefining \nameref on input line 20.
 (/Users/martin/Documents/Skripte/FuncAna2016/source/.texpadtmp/Funktionalanalysis.out) (/Users/martin/Documents/Skripte/FuncAna2016/source/.texpadtmp/Funktionalanalysis.out)
\@outlinefile=\write6
\openout6 = `Funktionalanalysis.out'.

 (./Titlepage.tex)
LaTeX Font Info:    Try loading font information for T1+cmss on input line 25.
 (/usr/local/texlive/2015/texmf-dist/tex/latex/base/t1cmss.fd
File: t1cmss.fd 2014/09/29 v2.5h Standard LaTeX font definitions
)
LaTeX Font Info:    Try loading font information for U+msa on input line 25.
 (/usr/local/texlive/2015/texmf-dist/tex/latex/amsfonts/umsa.fd
File: umsa.fd 2013/01/14 v3.01 AMS symbols A
)
LaTeX Font Info:    Try loading font information for U+msb on input line 25.
 (/usr/local/texlive/2015/texmf-dist/tex/latex/amsfonts/umsb.fd
File: umsb.fd 2013/01/14 v3.01 AMS symbols B
)
LaTeX Font Info:    Try loading font information for U+rsfs on input line 25.
 (/usr/local/texlive/2015/texmf-dist/tex/latex/jknapltx/ursfs.fd
File: ursfs.fd 1998/03/24 rsfs font definition file (jk)
)
LaTeX Font Info:    Try loading font information for U+stmry on input line 25.
 (/usr/local/texlive/2015/texmf-dist/tex/latex/stmaryrd/Ustmry.fd)
LaTeX Font Info:    Try loading font information for U+wasy on input line 25.
 (/usr/local/texlive/2015/texmf-dist/tex/latex/wasysym/uwasy.fd
File: uwasy.fd 2003/10/30 v2.0 Wasy-2 symbol font definitions
)
Package babel Info: Redefining ngerman shorthand "|
(babel)             in language  on input line 25.
Package babel Info: Redefining ngerman shorthand "~
(babel)             in language  on input line 25.
 (/usr/local/texlive/2015/texmf-dist/tex/generic/oberdiek/se-ascii-print.def
File: se-ascii-print.def 2011/12/02 v1.10 stringenc: Printable ASCII characters
) [1


] (./Preface.tex
LaTeX Font Info:    Try loading font information for OMS+cmr on input line 16.
 (/usr/local/texlive/2015/texmf-dist/tex/latex/base/omscmr.fd
File: omscmr.fd 2014/09/29 v2.5h Standard LaTeX font definitions
)
LaTeX Font Info:    Font shape `OMS/cmr/m/n' in size <10.95> not available
(Font)              Font shape `OMS/cmsy/m/n' tried instead on input line 16.
)
Package babel Info: Redefining ngerman shorthand "|
(babel)             in language  on input line 27.
Package babel Info: Redefining ngerman shorthand "~
(babel)             in language  on input line 27.
 [2] (/Users/martin/Documents/Skripte/FuncAna2016/source/.texpadtmp/Funktionalanalysis.toc)
\tf@toc=\write7
\openout7 = `Funktionalanalysis.toc'.

 (./chapter/1-section1.tex
Package babel Info: Redefining ngerman shorthand "|
(babel)             in language  on input line 2.
Package babel Info: Redefining ngerman shorthand "~
(babel)             in language  on input line 2.
 [3

]
Kapitel 1.
Package babel Info: Redefining ngerman shorthand "|
(babel)             in language  on input line 2.
Package babel Info: Redefining ngerman shorthand "~
(babel)             in language  on input line 2.

Class scrbook Warning: \float@addtolists detected!
(scrbook)              Implementation of \float@addtolist became
(scrbook)              deprecated in KOMA-Script v3.01 2008/11/14 and
(scrbook)              has been replaced by several more flexible
(scrbook)              features of package `tocbasic`.
(scrbook)              Since Version 3.12 support for deprecated
(scrbook)              \float@addtolist interface has been
(scrbook)              restricted to only some of the KOMA-Script
(scrbook)              features and been removed from others.
(scrbook)              Loading of package `scrhack' may help to
(scrbook)              avoid this warning, if you are using a
(scrbook)              a package that still implements the
(scrbook)              deprecated \float@addtolist interface .

Package babel Info: Redefining ngerman shorthand "|
(babel)             in language  on input line 3.
Package babel Info: Redefining ngerman shorthand "~
(babel)             in language  on input line 3.

Underfull \hbox (badness 10000) in paragraph at lines 11--13

 []

Package hyperref Info: bookmark level for unknown satz defaults to 0 on input line 14.
Package hyperref Info: bookmark level for unknown beispiel defaults to 0 on input line 19.
File: images/1.1.1-example1.png Graphic file (type QTm)
<use  "images/1.1.1-example1.png" >
Underfull \hbox (badness 10000) in paragraph at lines 23--29

 []

Package babel Info: Redefining ngerman shorthand "|
(babel)             in language  on input line 34.
Package babel Info: Redefining ngerman shorthand "~
(babel)             in language  on input line 34.

Underfull \hbox (badness 10000) in paragraph at lines 36--38

 []

Package babel Info: Redefining ngerman shorthand "|
(babel)             in language  on input line 38.
Package babel Info: Redefining ngerman shorthand "~
(babel)             in language  on input line 38.
[4

] <xymatrix 2x2 182>
Underfull \hbox (badness 10000) in paragraph at lines 41--45

 []


Overfull \hbox (17.34737pt too wide) in paragraph at lines 48--54
\T1/cmr/m/n/10.95 d.h. $\OML/cmm/m/it/10.95 T\OT1/cmr/m/n/10.95 ([][] \OML/cmm/m/it/10.95 ^^K[]e[]\OT1/cmr/m/n/10.95 ) = [][] \OML/cmm/m/it/10.95 ^^U[]^^K[]e[]$\T1/cmr/m/n/10.95 , wo-bei $\OML/cmm/m/it/10.95 ^^U[]$ \T1/cmr/m/n/10.95 Ei-gen-wer-te sind, d.h. $\OML/cmm/m/it/10.95 A \OT1/cmr/m/n/10.95 = []$ 
 []


Underfull \hbox (badness 10000) in paragraph at lines 57--59

 []


Underfull \hbox (badness 10000) in paragraph at lines 66--68

 []

Package babel Info: Redefining ngerman shorthand "|
(babel)             in language  on input line 72.
Package babel Info: Redefining ngerman shorthand "~
(babel)             in language  on input line 72.

Underfull \hbox (badness 10000) in paragraph at lines 75--77

 []


Underfull \hbox (badness 10000) in paragraph at lines 77--80

 []

Package babel Info: Redefining ngerman shorthand "|
(babel)             in language  on input line 80.
Package babel Info: Redefining ngerman shorthand "~
(babel)             in language  on input line 80.
[5]
Underfull \hbox (badness 10000) in paragraph at lines 80--82

 []


Underfull \hbox (badness 10000) in paragraph at lines 82--89

 []


Underfull \hbox (badness 10000) in paragraph at lines 82--89

 []


Underfull \hbox (badness 10000) in paragraph at lines 89--91

 []


Underfull \hbox (badness 10000) in paragraph at lines 91--95

 []


Underfull \hbox (badness 10000) in paragraph at lines 95--102

 []


Underfull \hbox (badness 10000) in paragraph at lines 95--102

 []

Package babel Info: Redefining ngerman shorthand "|
(babel)             in language  on input line 111.
Package babel Info: Redefining ngerman shorthand "~
(babel)             in language  on input line 111.
[6]) (./chapter/1-section2.tex
Kapitel 2.
Package babel Info: Redefining ngerman shorthand "|
(babel)             in language  on input line 3.
Package babel Info: Redefining ngerman shorthand "~
(babel)             in language  on input line 3.
Package hyperref Info: bookmark level for unknown plaindefinition defaults to 0 on input line 6.
Package hyperref Info: bookmark level for unknown bemerkung defaults to 0 on input line 15.
Package hyperref Info: bookmark level for unknown vereinbarung defaults to 0 on input line 19.
Package babel Info: Redefining ngerman shorthand "|
(babel)             in language  on input line 50.
Package babel Info: Redefining ngerman shorthand "~
(babel)             in language  on input line 50.
[7

]
Package hyperref Info: bookmark level for unknown beweis defaults to 0 on input line 52.

Underfull \hbox (badness 10000) in paragraph at lines 52--54

 []


Underfull \hbox (badness 10000) in paragraph at lines 55--58

 []


Underfull \hbox (badness 10000) in paragraph at lines 63--64

 []


Underfull \hbox (badness 10000) in paragraph at lines 70--74

 []

Package hyperref Info: bookmark level for unknown prop defaults to 0 on input line 82.
Package babel Info: Redefining ngerman shorthand "|
(babel)             in language  on input line 86.
Package babel Info: Redefining ngerman shorthand "~
(babel)             in language  on input line 86.
[8]
Package hyperref Info: bookmark level for unknown lemma defaults to 0 on input line 120.

Underfull \hbox (badness 10000) in paragraph at lines 120--122

 []

Package babel Info: Redefining ngerman shorthand "|
(babel)             in language  on input line 138.
Package babel Info: Redefining ngerman shorthand "~
(babel)             in language  on input line 138.
[9]
Underfull \hbox (badness 10000) in paragraph at lines 142--145

 []


Overfull \hbox (4.6734pt too wide) in paragraph at lines 149--151
[]\T1/cmr/m/n/10.95 Wir nen-nen $\OML/cmm/m/it/10.95 C[]\OT1/cmr/m/n/10.95 (
) = \OMS/cmsy/m/n/10.95 f\OML/cmm/m/it/10.95 f \OT1/cmr/m/n/10.95 : 
 \OMS/cmsy/m/n/10.95 ! \U/msb/m/n/10.95 R\OMS/cmsy/m/n/10.95 j\OML/cmm/m/it/10.95 D[]f[]\OT1/cmr/m/n/10.95 
\OML/cmm/m/it/10.95 ; []\OT1/cmr/m/n/10.95 
[]\OML/cmm/m/it/10.95 ^^K \OMS/cmsy/m/n/10.95 2 \U/msb/m/n/10.95 N[]\OML/cmm/m/it/10.95 ; \OMS/cmsy/m/n/10.95 j\OML/cmm/m/it/10.95 ^^K\OMS/cmsy/m/n/10.95 j ^^T
 []

Package babel Info: Redefining ngerman shorthand "|
(babel)             in language  on input line 185.
Package babel Info: Redefining ngerman shorthand "~
(babel)             in language  on input line 185.
[10]
LaTeX Font Info:    Try loading font information for U+dsrom on input line 200.
 (/usr/local/texlive/2015/texmf-dist/tex/latex/doublestroke/Udsrom.fd
File: Udsrom.fd 1995/08/01 v0.1 Double stroke roman font definitions
)
Underfull \hbox (badness 10000) in paragraph at lines 204--207

 []

Package babel Info: Redefining ngerman shorthand "|
(babel)             in language  on input line 211.
Package babel Info: Redefining ngerman shorthand "~
(babel)             in language  on input line 211.
[11]) (./chapter/1-section3.tex
Kapitel 3.
Package babel Info: Redefining ngerman shorthand "|
(babel)             in language  on input line 3.
Package babel Info: Redefining ngerman shorthand "~
(babel)             in language  on input line 3.
Package babel Info: Redefining ngerman shorthand "|
(babel)             in language  on input line 45.
Package babel Info: Redefining ngerman shorthand "~
(babel)             in language  on input line 45.
[12

]
Underfull \hbox (badness 10000) in paragraph at lines 50--51

 []


Underfull \hbox (badness 10000) in paragraph at lines 65--66

 []

Package babel Info: Redefining ngerman shorthand "|
(babel)             in language  on input line 91.
Package babel Info: Redefining ngerman shorthand "~
(babel)             in language  on input line 91.
[13]
Underfull \hbox (badness 10000) in paragraph at lines 97--98

 []


Underfull \hbox (badness 10000) in paragraph at lines 109--111

 []


Underfull \hbox (badness 10000) in paragraph at lines 124--126

 []

Package babel Info: Redefining ngerman shorthand "|
(babel)             in language  on input line 131.
Package babel Info: Redefining ngerman shorthand "~
(babel)             in language  on input line 131.
[14]
Package babel Info: Redefining ngerman shorthand "|
(babel)             in language  on input line 177.
Package babel Info: Redefining ngerman shorthand "~
(babel)             in language  on input line 177.
 [15]
Missing character: There is no   in font cmr10!

Underfull \hbox (badness 10000) in paragraph at lines 210--211

 []

Package babel Info: Redefining ngerman shorthand "|
(babel)             in language  on input line 219.
Package babel Info: Redefining ngerman shorthand "~
(babel)             in language  on input line 219.
[16]
Missing character: There is no   in font cmr10!
Package babel Info: Redefining ngerman shorthand "|
(babel)             in language  on input line 252.
Package babel Info: Redefining ngerman shorthand "~
(babel)             in language  on input line 252.
 [17]
Package babel Info: Redefining ngerman shorthand "|
(babel)             in language  on input line 285.
Package babel Info: Redefining ngerman shorthand "~
(babel)             in language  on input line 285.
 [18]
Underfull \hbox (badness 10000) in paragraph at lines 285--287

 []

Missing character: There is no   in font cmr10!
Package hyperref Info: bookmark level for unknown bemerkung* defaults to 0 on input line 300.
Missing character: There is no   in font cmr10!
Missing character: There is no   in font cmr10!
Package babel Info: Redefining ngerman shorthand "|
(babel)             in language  on input line 329.
Package babel Info: Redefining ngerman shorthand "~
(babel)             in language  on input line 329.
[19]) (./chapter/1-section4.tex
Kapitel 4.
Package babel Info: Redefining ngerman shorthand "|
(babel)             in language  on input line 3.
Package babel Info: Redefining ngerman shorthand "~
(babel)             in language  on input line 3.
Missing character: There is no   in font cmr10!
Package babel Info: Redefining ngerman shorthand "|
(babel)             in language  on input line 47.
Package babel Info: Redefining ngerman shorthand "~
(babel)             in language  on input line 47.
[20

]
Underfull \hbox (badness 10000) in paragraph at lines 88--89

 []

Package babel Info: Redefining ngerman shorthand "|
(babel)             in language  on input line 93.
Package babel Info: Redefining ngerman shorthand "~
(babel)             in language  on input line 93.
[21]
Missing character: There is no   in font cmr8!

Underfull \hbox (badness 10000) in paragraph at lines 117--123

 []


Overfull \hbox (14.18126pt too wide) in paragraph at lines 117--123
\T1/cmr/m/n/10.95 Sei um-ge-kehrt $\OML/cmm/m/it/10.95 A$ \T1/cmr/m/n/10.95 nicht ab-ge-schlos-sen. Dann exis-tiert ei-ne Fol-ge $\OT1/cmr/m/n/10.95 (\OML/cmm/m/it/10.95 x[]\OT1/cmr/m/n/10.95 )[] \OMS/cmsy/m/n/10.95 ^^Z \OML/cmm/m/it/10.95 A$ \T1/cmr/m/n/10.95 mit $[][] \OML/cmm/m/it/10.95 x[] \OT1/cmr/m/n/10.95 =
 []

Missing character: There is no   in font cmr10!
Missing character: There is no   in font cmr10!
Package babel Info: Redefining ngerman shorthand "|
(babel)             in language  on input line 128.
Package babel Info: Redefining ngerman shorthand "~
(babel)             in language  on input line 128.
[22]

LaTeX Warning: Hyper reference `def:1-4.4-abgoff' on page 23 undefined on input line 178.

Package babel Info: Redefining ngerman shorthand "|
(babel)             in language  on input line 184.
Package babel Info: Redefining ngerman shorthand "~
(babel)             in language  on input line 184.
[23]

LaTeX Warning: Hyper reference `def:1-4.4-abgoff' on page 24 undefined on input line 186.


LaTeX Warning: Hyper reference `def:1-4.4-abgoff' on page 24 undefined on input line 208.

Package babel Info: Redefining ngerman shorthand "|
(babel)             in language  on input line 235.
Package babel Info: Redefining ngerman shorthand "~
(babel)             in language  on input line 235.
[24]
File: images/bsp-4.11.c.i.png Graphic file (type QTm)
 <use  "images/bsp-4.11.c.i.png" >
File: images/bsp-4.11.c.ii.png Graphic file (type QTm)
 <use  "images/bsp-4.11.c.ii.png" >

LaTeX Warning: `h' float specifier changed to `ht'.

Package babel Info: Redefining ngerman shorthand "|
(babel)             in language  on input line 274.
Package babel Info: Redefining ngerman shorthand "~
(babel)             in language  on input line 274.
[25]
Missing character: There is no   in font cmr10!
Package babel Info: Redefining ngerman shorthand "|
(babel)             in language  on input line 300.
Package babel Info: Redefining ngerman shorthand "~
(babel)             in language  on input line 300.
 [26]
Underfull \hbox (badness 10000) in paragraph at lines 323--327

 []


Overfull \hbox (8.16971pt too wide) in paragraph at lines 323--327
\T1/cmr/m/n/10.95 Dann gilt $\OML/cmm/m/it/10.95 d[]\OT1/cmr/m/n/10.95 (\OML/cmm/m/it/10.95 f\OT1/cmr/m/n/10.95 (\OML/cmm/m/it/10.95 x[]\OT1/cmr/m/n/10.95 )\OML/cmm/m/it/10.95 ; f\OT1/cmr/m/n/10.95 (\OML/cmm/m/it/10.95 x[]\OT1/cmr/m/n/10.95 )) \OML/cmm/m/it/10.95 < ^^O$ \T1/cmr/m/n/10.95 für $\OML/cmm/m/it/10.95 n$ \T1/cmr/m/n/10.95 groÿ ge-nug. Da $\OML/cmm/m/it/10.95 ^^O > \OT1/cmr/m/n/10.95 0$ \T1/cmr/m/n/10.95 be-lie-big, folgt $\OML/cmm/m/it/10.95 d[]\OT1/cmr/m/n/10.95 (\OML/cmm/m/it/10.95 f\OT1/cmr/m/n/10.95 (\OML/cmm/m/it/10.95 x[]\OT1/cmr/m/n/10.95 )\OML/cmm/m/it/10.95 ; f\OT1/cmr/m/n/10.95 (\OML/cmm/m/it/10.95 f[]\OT1/cmr/m/n/10.95 )) \OMS/cmsy/m/n/10.95 !
 []


Underfull \hbox (badness 10000) in paragraph at lines 327--334

 []


Underfull \hbox (badness 10000) in paragraph at lines 327--334

 []

Package babel Info: Redefining ngerman shorthand "|
(babel)             in language  on input line 335.
Package babel Info: Redefining ngerman shorthand "~
(babel)             in language  on input line 335.
[27]
Package babel Info: Redefining ngerman shorthand "|
(babel)             in language  on input line 367.
Package babel Info: Redefining ngerman shorthand "~
(babel)             in language  on input line 367.
 [28]) (./chapter/1-section5.tex
Kapitel 5.
Package babel Info: Redefining ngerman shorthand "|
(babel)             in language  on input line 3.
Package babel Info: Redefining ngerman shorthand "~
(babel)             in language  on input line 3.
Package hyperref Info: bookmark level for unknown beispiel* defaults to 0 on input line 22.

Underfull \hbox (badness 10000) in paragraph at lines 42--47

 []

Package babel Info: Redefining ngerman shorthand "|
(babel)             in language  on input line 47.
Package babel Info: Redefining ngerman shorthand "~
(babel)             in language  on input line 47.
[29

]
Missing character: There is no   in font cmr10!

Underfull \hbox (badness 10000) in paragraph at lines 65--69

 []

Missing character: There is no   in font cmr10!

Overfull \hbox (54.43115pt too wide) in paragraph at lines 76--76
[] 
 []

Package babel Info: Redefining ngerman shorthand "|
(babel)             in language  on input line 87.
Package babel Info: Redefining ngerman shorthand "~
(babel)             in language  on input line 87.
[30]
Underfull \hbox (badness 10000) in paragraph at lines 108--111

 []

Package babel Info: Redefining ngerman shorthand "|
(babel)             in language  on input line 129.
Package babel Info: Redefining ngerman shorthand "~
(babel)             in language  on input line 129.
[31]
Missing character: There is no   in font cmr10!
Missing character: There is no   in font cmr10!
Package hyperref Info: bookmark level for unknown kor defaults to 0 on input line 157.

Underfull \hbox (badness 10000) in paragraph at lines 157--160

 []

Package babel Info: Redefining ngerman shorthand "|
(babel)             in language  on input line 167.
Package babel Info: Redefining ngerman shorthand "~
(babel)             in language  on input line 167.
[32]
Package babel Info: Redefining ngerman shorthand "|
(babel)             in language  on input line 212.
Package babel Info: Redefining ngerman shorthand "~
(babel)             in language  on input line 212.
 [33]
Missing character: There is no   in font cmr10!
Missing character: There is no   in font cmr10!

Underfull \hbox (badness 10000) in paragraph at lines 212--217

 []

Missing character: There is no   in font cmr10!
Missing character: There is no   in font cmr10!

Underfull \hbox (badness 10000) in paragraph at lines 230--233

 []

Missing character: There is no   in font cmr8!
Package babel Info: Redefining ngerman shorthand "|
(babel)             in language  on input line 240.
Package babel Info: Redefining ngerman shorthand "~
(babel)             in language  on input line 240.
[34]
Package babel Info: Redefining ngerman shorthand "|
(babel)             in language  on input line 257.
Package babel Info: Redefining ngerman shorthand "~
(babel)             in language  on input line 257.

Underfull \hbox (badness 10000) in paragraph at lines 267--268

 []

Missing character: There is no   in font cmr10!
Package babel Info: Redefining ngerman shorthand "|
(babel)             in language  on input line 276.
Package babel Info: Redefining ngerman shorthand "~
(babel)             in language  on input line 276.
[35]
Underfull \hbox (badness 10000) in paragraph at lines 281--284

 []


Underfull \hbox (badness 10000) in paragraph at lines 293--295

 []

Package babel Info: Redefining ngerman shorthand "|
(babel)             in language  on input line 308.
Package babel Info: Redefining ngerman shorthand "~
(babel)             in language  on input line 308.
[36]) (./Abbreviations.tex
Package babel Info: Redefining ngerman shorthand "|
(babel)             in language  on input line 4.
Package babel Info: Redefining ngerman shorthand "~
(babel)             in language  on input line 4.
)
Package babel Info: Redefining ngerman shorthand "|
(babel)             in language  on input line 38.
Package babel Info: Redefining ngerman shorthand "~
(babel)             in language  on input line 38.
 [37

]

Package hyperref Warning: The anchor of a bookmark and its parent's must not
(hyperref)                be the same. Added a new anchor on input line 41.

Package babel Info: Redefining ngerman shorthand "|
(babel)             in language  on input line 41.
Package babel Info: Redefining ngerman shorthand "~
(babel)             in language  on input line 41.
(/Users/martin/Documents/Skripte/FuncAna2016/source/.texpadtmp/Funktionalanalysis.ind
Package babel Info: Redefining ngerman shorthand "|
(babel)             in language  on input line 104.
Package babel Info: Redefining ngerman shorthand "~
(babel)             in language  on input line 104.
 [38



])
\tf@thm=\write8
\openout8 = `Funktionalanalysis.thm'.

Package atveryend Info: Empty hook `BeforeClearDocument' on input line 44.
Package atveryend Info: Empty hook `AfterLastShipout' on input line 44.
 (/Users/martin/Documents/Skripte/FuncAna2016/source/.texpadtmp/Funktionalanalysis.aux)
Package atveryend Info: Empty hook `AtVeryEndDocument' on input line 44.
Package atveryend Info: Empty hook `AtEndAfterFileList' on input line 44.


LaTeX Warning: There were undefined references.

Package atveryend Info: Empty hook `AtVeryVeryEnd' on input line 44.
 ) 
Here is how much of TeX's memory you used:
 23385 strings out of 493706
 367756 string characters out of 6145769
 537085 words of memory out of 5000000
 26287 multiletter control sequences out of 15000+600000
 25336 words of font info for 83 fonts, out of 8000000 for 9000
 1328 hyphenation exceptions out of 8191
 64i,18n,57p,619b,833s stack positions out of 5000i,500n,10000p,200000b,80000s

Output written on /Users/martin/Documents/Skripte/FuncAna2016/source/.texpadtmp/Funktionalanalysis.pdf (38 pages).
